<?xml version='1.0'?>
<ns2:test-suite xmlns:ns2='urn:model.allure.qatools.yandex.ru' start='1655966714547' stop='1655966726111'>
    <name>orthocatapult practice creation and activation</name>
    <title>orthocatapult practice creation and activation</title>
    <test-cases>
        <test-case start='1655966714548' status='broken' stop='1655966725178'>
            <name>should login with valid credentials</name>
            <title>should login with valid credentials</title>
            <labels>
                <label name='language' value='javascript'/>
                <label name='framework' value='wdio'/>
                <label name='thread' value='0-0'/>
            </labels>
            <parameters>
                <parameter kind='argument' name='browser' value='chrome-100.0.4896.75'/>
            </parameters>
            <steps>
                <step start='1655966714553' status='broken' stop='1655966725178'>
                    <name>POST /session/:sessionId/element</name>
                    <title>POST /session/:sessionId/element</title>
                    <attachments>
                        <attachment title='Request' source='ff90a08f-5cb4-447b-8dd3-440718c3a571-attachment.json' type='application/json' size='53'/>
                    </attachments>
                    <steps>
                        <step start='1655966714563' status='passed' stop='1655966714606'>
                            <name>POST /session/:sessionId/url</name>
                            <title>POST /session/:sessionId/url</title>
                            <attachments>
                                <attachment title='Request' source='82d66680-e287-427d-af8c-29dd97113ff3-attachment.json' type='application/json' size='47'/>
                                <attachment title='Response' source='a0598c06-b3a2-4363-b921-f8222e0aa783-attachment.json' type='application/json' size='768'/>
                            </attachments>
                            <steps/>
                        </step>
                        <step start='1655966714621' status='passed' stop='1655966725082'>
                            <name>POST /session/:sessionId/elements</name>
                            <title>POST /session/:sessionId/elements</title>
                            <attachments>
                                <attachment title='Request' source='bbe6ba37-8481-42d1-a7c9-1af13dabf62f-attachment.json' type='application/json' size='53'/>
                            </attachments>
                            <steps/>
                        </step>
                        <step start='1655966725116' status='broken' stop='1655966725178'>
                            <name>GET /session/:sessionId/screenshot</name>
                            <title>GET /session/:sessionId/screenshot</title>
                            <attachments/>
                            <steps/>
                        </step>
                    </steps>
                </step>
            </steps>
            <attachments/>
            <failure>
                <message>Can't call setValue on element with selector "#username" because element wasn't found</message>
                <stack-trace>Error: Can't call setValue on element with selector "#username" because element wasn't found
                    at implicitWait (/home/qburst/node_modules/webdriverio/build/utils/implicitWait.js:34:19)
                    at processTicksAndRejections (node:internal/process/task_queues:96:5)
                    at async Element.elementErrorHandlerCallbackFn (/home/qburst/node_modules/webdriverio/build/middlewares.js:20:29)
                    at async Element.wrapCommandFn (/home/qburst/node_modules/@wdio/utils/build/shim.js:137:29)
                    at async LoginPage.login (/home/qburst/Desktop/orthocatapult/wdio/test/pageobjects/logins/login.page.js:26:9)
                    at async Context.&lt;anonymous> (/home/qburst/Desktop/orthocatapult/wdio/test/specs/newprac.js:14:9)</stack-trace>
            </failure>
        </test-case>
        <test-case start='1655966725181' status='broken' stop='1655966725559'>
            <name>navigate to practice management</name>
            <title>navigate to practice management</title>
            <labels>
                <label name='language' value='javascript'/>
                <label name='framework' value='wdio'/>
                <label name='thread' value='0-0'/>
            </labels>
            <parameters>
                <parameter kind='argument' name='browser' value='chrome-100.0.4896.75'/>
            </parameters>
            <steps>
                <step start='1655966725382' status='broken' stop='1655966725559'>
                    <name>POST /session/:sessionId/element</name>
                    <title>POST /session/:sessionId/element</title>
                    <attachments>
                        <attachment title='Request' source='f06a08ca-7b59-4543-bfdb-41d58f38707c-attachment.json' type='application/json' size='60'/>
                    </attachments>
                    <steps>
                        <step start='1655966725451' status='broken' stop='1655966725559'>
                            <name>GET /session/:sessionId/screenshot</name>
                            <title>GET /session/:sessionId/screenshot</title>
                            <attachments/>
                            <steps/>
                        </step>
                    </steps>
                </step>
            </steps>
            <attachments/>
            <failure>
                <message>no such window: target window already closed
                from unknown error: web view not found
                  (Session info: chrome=100.0.4896.75)</message>
                <stack-trace>no such window: no such window: target window already closed
                from unknown error: web view not found
                  (Session info: chrome=100.0.4896.75)
                    at getErrorFromResponseBody (/home/qburst/node_modules/webdriver/build/utils.js:197:12)
                    at NodeJSRequest._request (/home/qburst/node_modules/webdriver/build/request/index.js:158:60)
                    at processTicksAndRejections (node:internal/process/task_queues:96:5)
                    at async Browser.wrapCommandFn (/home/qburst/node_modules/@wdio/utils/build/shim.js:137:29)
                    at async Browser.$ (/home/qburst/node_modules/webdriverio/build/commands/browser/$.js:88:17)
                    at async Browser.wrapCommandFn (/home/qburst/node_modules/@wdio/utils/build/shim.js:137:29)
                    at async ctdash.add_pract (/home/qburst/Desktop/orthocatapult/wdio/test/pageobjects/masteradmn/ctdash.page.js:14:9)
                    at async Context.&lt;anonymous> (/home/qburst/Desktop/orthocatapult/wdio/test/specs/newprac.js:20:9)</stack-trace>
            </failure>
        </test-case>
        <test-case start='1655966725559' status='broken' stop='1655966725668'>
            <name>Add a practice</name>
            <title>Add a practice</title>
            <labels>
                <label name='language' value='javascript'/>
                <label name='framework' value='wdio'/>
                <label name='thread' value='0-0'/>
            </labels>
            <parameters>
                <parameter kind='argument' name='browser' value='chrome-100.0.4896.75'/>
            </parameters>
            <steps>
                <step start='1655966725560' status='broken' stop='1655966725668'>
                    <name>POST /session/:sessionId/element</name>
                    <title>POST /session/:sessionId/element</title>
                    <attachments>
                        <attachment title='Request' source='e3da60df-dcd6-4b27-816f-075d7a15988e-attachment.json' type='application/json' size='82'/>
                    </attachments>
                    <steps>
                        <step start='1655966725618' status='broken' stop='1655966725668'>
                            <name>GET /session/:sessionId/screenshot</name>
                            <title>GET /session/:sessionId/screenshot</title>
                            <attachments/>
                            <steps/>
                        </step>
                    </steps>
                </step>
            </steps>
            <attachments/>
            <failure>
                <message>no such window: target window already closed
                from unknown error: web view not found
                  (Session info: chrome=100.0.4896.75)</message>
                <stack-trace>no such window: no such window: target window already closed
                from unknown error: web view not found
                  (Session info: chrome=100.0.4896.75)
                    at getErrorFromResponseBody (/home/qburst/node_modules/webdriver/build/utils.js:197:12)
                    at NodeJSRequest._request (/home/qburst/node_modules/webdriver/build/request/index.js:158:60)
                    at processTicksAndRejections (node:internal/process/task_queues:96:5)
                    at async Browser.wrapCommandFn (/home/qburst/node_modules/@wdio/utils/build/shim.js:137:29)
                    at async Browser.$ (/home/qburst/node_modules/webdriverio/build/commands/browser/$.js:88:17)
                    at async Browser.wrapCommandFn (/home/qburst/node_modules/@wdio/utils/build/shim.js:137:29)
                    at async pract (/home/qburst/Desktop/orthocatapult/wdio/test/pageobjects/masteradmn/addprac.page.js:51:9)
                    at async Context.&lt;anonymous> (/home/qburst/Desktop/orthocatapult/wdio/test/specs/newprac.js:25:9)</stack-trace>
            </failure>
        </test-case>
        <test-case start='1655966725668' status='broken' stop='1655966725827'>
            <name>should login with valid credentials</name>
            <title>should login with valid credentials</title>
            <labels>
                <label name='language' value='javascript'/>
                <label name='framework' value='wdio'/>
                <label name='thread' value='0-0'/>
            </labels>
            <parameters>
                <parameter kind='argument' name='browser' value='chrome-100.0.4896.75'/>
            </parameters>
            <steps>
                <step start='1655966725669' status='broken' stop='1655966725827'>
                    <name>POST /session/:sessionId/element</name>
                    <title>POST /session/:sessionId/element</title>
                    <attachments>
                        <attachment title='Request' source='a859f4e0-af76-403d-8fea-05b5b433e59c-attachment.json' type='application/json' size='53'/>
                    </attachments>
                    <steps>
                        <step start='1655966725673' status='broken' stop='1655966725827'>
                            <name>POST /session/:sessionId/url</name>
                            <title>POST /session/:sessionId/url</title>
                            <attachments>
                                <attachment title='Request' source='562dcdc0-e54b-44c1-b88a-30f57c735ca0-attachment.json' type='application/json' size='47'/>
                            </attachments>
                            <steps>
                                <step start='1655966725766' status='broken' stop='1655966725827'>
                                    <name>GET /session/:sessionId/screenshot</name>
                                    <title>GET /session/:sessionId/screenshot</title>
                                    <attachments/>
                                    <steps/>
                                </step>
                            </steps>
                        </step>
                    </steps>
                </step>
            </steps>
            <attachments/>
            <failure>
                <message>no such window: target window already closed
                from unknown error: web view not found
                  (Session info: chrome=100.0.4896.75)</message>
                <stack-trace>no such window: no such window: target window already closed
                from unknown error: web view not found
                  (Session info: chrome=100.0.4896.75)
                    at getErrorFromResponseBody (/home/qburst/node_modules/webdriver/build/utils.js:197:12)
                    at NodeJSRequest._request (/home/qburst/node_modules/webdriver/build/request/index.js:158:60)
                    at processTicksAndRejections (node:internal/process/task_queues:96:5)
                    at async Browser.wrapCommandFn (/home/qburst/node_modules/@wdio/utils/build/shim.js:137:29)
                    at async Browser.$ (/home/qburst/node_modules/webdriverio/build/commands/browser/$.js:88:17)
                    at async Browser.wrapCommandFn (/home/qburst/node_modules/@wdio/utils/build/shim.js:137:29)
                    at async LoginPage.login (/home/qburst/Desktop/orthocatapult/wdio/test/pageobjects/logins/login.page.js:26:9)
                    at async Context.&lt;anonymous> (/home/qburst/Desktop/orthocatapult/wdio/test/specs/newprac.js:30:9)</stack-trace>
            </failure>
        </test-case>
        <test-case start='1655966725828' status='broken' stop='1655966726090'>
            <name>Complete signing the docusign contract</name>
            <title>Complete signing the docusign contract</title>
            <labels>
                <label name='language' value='javascript'/>
                <label name='framework' value='wdio'/>
                <label name='thread' value='0-0'/>
            </labels>
            <parameters>
                <parameter kind='argument' name='browser' value='chrome-100.0.4896.75'/>
            </parameters>
            <steps>
                <step start='1655966725829' status='broken' stop='1655966726090'>
                    <name>POST /session/:sessionId/element</name>
                    <title>POST /session/:sessionId/element</title>
                    <attachments>
                        <attachment title='Request' source='154d1973-f87c-4d91-ad82-96d53038ee59-attachment.json' type='application/json' size='152'/>
                    </attachments>
                    <steps>
                        <step start='1655966725846' status='broken' stop='1655966726090'>
                            <name>GET /session/:sessionId/url</name>
                            <title>GET /session/:sessionId/url</title>
                            <attachments/>
                            <steps>
                                <step start='1655966725970' status='broken' stop='1655966726090'>
                                    <name>GET /session/:sessionId/screenshot</name>
                                    <title>GET /session/:sessionId/screenshot</title>
                                    <attachments/>
                                    <steps/>
                                </step>
                            </steps>
                        </step>
                    </steps>
                </step>
                <step start='1655966726092' status='undefined'>
                    <name>DELETE /session/:sessionId</name>
                    <title>DELETE /session/:sessionId</title>
                    <attachments/>
                    <steps/>
                </step>
            </steps>
            <attachments/>
            <failure>
                <message>no such window: target window already closed
                from unknown error: web view not found
                  (Session info: chrome=100.0.4896.75)</message>
                <stack-trace>no such window: no such window: target window already closed
                from unknown error: web view not found
                  (Session info: chrome=100.0.4896.75)
                    at getErrorFromResponseBody (/home/qburst/node_modules/webdriver/build/utils.js:197:12)
                    at NodeJSRequest._request (/home/qburst/node_modules/webdriver/build/request/index.js:158:60)
                    at processTicksAndRejections (node:internal/process/task_queues:96:5)
                    at async Browser.wrapCommandFn (/home/qburst/node_modules/@wdio/utils/build/shim.js:137:29)
                    at async Browser.$ (/home/qburst/node_modules/webdriverio/build/commands/browser/$.js:88:17)
                    at async Browser.wrapCommandFn (/home/qburst/node_modules/@wdio/utils/build/shim.js:137:29)
                    at async activate.act (/home/qburst/Desktop/orthocatapult/wdio/test/pageobjects/docusign/docusign.page.js:39:9)
                    at async Context.&lt;anonymous> (/home/qburst/Desktop/orthocatapult/wdio/test/specs/newprac.js:36:9)</stack-trace>
            </failure>
        </test-case>
    </test-cases>
</ns2:test-suite>