<?xml version='1.0'?>
<ns2:test-suite xmlns:ns2='urn:model.allure.qatools.yandex.ru' start='1647948111017' stop='1647948134029'>
    <name>orthocatapult</name>
    <title>orthocatapult</title>
    <test-cases>
        <test-case start='1647948111017' status='broken' stop='1647948134018'>
            <name>should login with valid credentials</name>
            <title>should login with valid credentials</title>
            <labels>
                <label name='language' value='javascript'/>
                <label name='framework' value='wdio'/>
                <label name='thread' value='0-0'/>
            </labels>
            <parameters>
                <parameter kind='argument' name='browser' value='chrome-99.0.4844.74'/>
            </parameters>
            <steps>
                <step start='1647948111023' status='broken' stop='1647948134018'>
                    <name>POST /session/:sessionId/element</name>
                    <title>POST /session/:sessionId/element</title>
                    <attachments>
                        <attachment title='Request' source='19536cb4-ffb8-4874-b191-94db897bb70f-attachment.json' type='application/json' size='53'/>
                    </attachments>
                    <steps>
                        <step start='1647948111035' status='passed' stop='1647948111118'>
                            <name>POST /session/:sessionId/url</name>
                            <title>POST /session/:sessionId/url</title>
                            <attachments>
                                <attachment title='Request' source='d929fb52-8590-4612-aa5a-71cf007d28e1-attachment.json' type='application/json' size='46'/>
                                <attachment title='Response' source='1e7f909e-e703-49d7-899f-5916c6b5635c-attachment.json' type='application/json' size='1027'/>
                            </attachments>
                            <steps/>
                        </step>
                        <step start='1647948111134' status='passed' stop='1647948115884'>
                            <name>POST /session/:sessionId/elements</name>
                            <title>POST /session/:sessionId/elements</title>
                            <attachments>
                                <attachment title='Request' source='bd3ffc95-b3cd-4a5e-be77-7ac1ce807603-attachment.json' type='application/json' size='53'/>
                            </attachments>
                            <steps/>
                        </step>
                        <step start='1647948134004' status='broken' stop='1647948134018'>
                            <name>DELETE /session/:sessionId</name>
                            <title>DELETE /session/:sessionId</title>
                            <attachments/>
                            <steps/>
                        </step>
                    </steps>
                </step>
            </steps>
            <attachments/>
            <failure>
                <message>Can't call setValue on element with selector "#username" because element wasn't found</message>
                <stack-trace>Error: Can't call setValue on element with selector "#username" because element wasn't found
                    at implicitWait (F:\macking\testing\wdio\node_modules\webdriverio\build\utils\implicitWait.js:34:19)
                    at processTicksAndRejections (node:internal/process/task_queues:96:5)
                    at async Element.elementErrorHandlerCallbackFn (F:\macking\testing\wdio\node_modules\webdriverio\build\middlewares.js:20:29)
                    at async Element.wrapCommandFn (F:\macking\testing\wdio\node_modules\@wdio\utils\build\shim.js:137:29)
                    at async LoginPage.login (F:\macking\testing\wdio\test\pageobjects\login.page.js:29:9)
                    at async Context.&lt;anonymous> (F:\macking\testing\wdio\test\specs\example.e2e.js:11:9)</stack-trace>
            </failure>
        </test-case>
        <test-case start='1647948134021' status='broken' stop='1647948134027'>
            <name>Complete signing the docusign contract</name>
            <title>Complete signing the docusign contract</title>
            <labels>
                <label name='language' value='javascript'/>
                <label name='framework' value='wdio'/>
                <label name='thread' value='0-0'/>
            </labels>
            <parameters>
                <parameter kind='argument' name='browser' value='chrome-99.0.4844.74'/>
            </parameters>
            <steps>
                <step start='1647948134023' status='broken' stop='1647948134027'>
                    <name>POST /session/:sessionId/url</name>
                    <title>POST /session/:sessionId/url</title>
                    <attachments>
                        <attachment title='Request' source='f593bbde-5b77-43b2-9883-5d0317d29456-attachment.json' type='application/json' size='46'/>
                    </attachments>
                    <steps/>
                </step>
            </steps>
            <attachments/>
            <failure>
                <message>docusign.contract is not a function</message>
                <stack-trace>TypeError: docusign.contract is not a function
                    at Context.&lt;anonymous> (F:\macking\testing\wdio\test\specs\example.e2e.js:28:18)
                    at Context.executeAsync (F:\macking\testing\wdio\node_modules\@wdio\utils\build\shim.js:331:27)
                    at Context.testFrameworkFnWrapper (F:\macking\testing\wdio\node_modules\@wdio\utils\build\test-framework\testFnWrapper.js:45:32)</stack-trace>
            </failure>
        </test-case>
    </test-cases>
</ns2:test-suite>