<?xml version='1.0'?>
<ns2:test-suite xmlns:ns2='urn:model.allure.qatools.yandex.ru' start='1648017419157' stop='1648017444903'>
    <name>orthocatapult</name>
    <title>orthocatapult</title>
    <test-cases>
        <test-case start='1648017419158' status='passed' stop='1648017425530'>
            <name>should login with valid credentials</name>
            <title>should login with valid credentials</title>
            <labels>
                <label name='language' value='javascript'/>
                <label name='framework' value='wdio'/>
                <label name='thread' value='0-0'/>
            </labels>
            <parameters>
                <parameter kind='argument' name='browser' value='chrome-99.0.4844.82'/>
            </parameters>
            <steps>
                <step start='1648017419168' status='passed' stop='1648017424943'>
                    <name>POST /session/:sessionId/element</name>
                    <title>POST /session/:sessionId/element</title>
                    <attachments>
                        <attachment title='Request' source='d5ce6138-b1b5-4636-8395-4fd0773b8291-attachment.json' type='application/json' size='53'/>
                        <attachment title='Response' source='3cb6ab7e-bc33-46e0-b43d-61c36c0a251b-attachment.json' type='application/json' size='93'/>
                    </attachments>
                    <steps>
                        <step start='1648017419184' status='passed' stop='1648017419337'>
                            <name>POST /session/:sessionId/url</name>
                            <title>POST /session/:sessionId/url</title>
                            <attachments>
                                <attachment title='Request' source='24ac2777-a7aa-4fda-b94c-11417dffbdd0-attachment.json' type='application/json' size='51'/>
                                <attachment title='Response' source='6b3f71cf-fe7d-4047-8258-049592ce90df-attachment.json' type='application/json' size='1027'/>
                            </attachments>
                            <steps/>
                        </step>
                        <step start='1648017419353' status='passed' stop='1648017424927'>
                            <name>POST /session/:sessionId/elements</name>
                            <title>POST /session/:sessionId/elements</title>
                            <attachments>
                                <attachment title='Request' source='5807b121-0f0d-485e-a3d8-c86d8594d56a-attachment.json' type='application/json' size='53'/>
                            </attachments>
                            <steps/>
                        </step>
                    </steps>
                </step>
                <step start='1648017424949' status='passed' stop='1648017424998'>
                    <name>POST /session/:sessionId/element</name>
                    <title>POST /session/:sessionId/element</title>
                    <attachments>
                        <attachment title='Request' source='0776baff-8d9c-4a42-8b8c-d2c0238e5c38-attachment.json' type='application/json' size='53'/>
                        <attachment title='Response' source='31bca552-6d7c-4ffa-a715-145e28882d8b-attachment.json' type='application/json' size='83'/>
                    </attachments>
                    <steps/>
                </step>
                <step start='1648017425001' status='passed' stop='1648017425050'>
                    <name>POST /session/:sessionId/element/083b4f52-35d7-4d74-b2bd-65dcfce84571/clear</name>
                    <title>POST /session/:sessionId/element/083b4f52-35d7-4d74-b2bd-65dcfce84571/clear</title>
                    <attachments/>
                    <steps/>
                </step>
                <step start='1648017425061' status='passed' stop='1648017425247'>
                    <name>POST /session/:sessionId/element/083b4f52-35d7-4d74-b2bd-65dcfce84571/value</name>
                    <title>POST /session/:sessionId/element/083b4f52-35d7-4d74-b2bd-65dcfce84571/value</title>
                    <attachments>
                        <attachment title='Request' source='55e0d86a-c2bb-48b4-8d97-f64ba1aaefa4-attachment.json' type='application/json' size='41'/>
                    </attachments>
                    <steps/>
                </step>
                <step start='1648017425247' status='passed' stop='1648017425269'>
                    <name>POST /session/:sessionId/element</name>
                    <title>POST /session/:sessionId/element</title>
                    <attachments>
                        <attachment title='Request' source='af7974c1-179c-40c6-b87e-539e07a49c8f-attachment.json' type='application/json' size='61'/>
                        <attachment title='Response' source='e89c21eb-dd2a-4bba-a5ab-ae33d49b40be-attachment.json' type='application/json' size='83'/>
                    </attachments>
                    <steps/>
                </step>
                <step start='1648017425271' status='passed' stop='1648017425312'>
                    <name>POST /session/:sessionId/element/62fb43dd-7ba1-42ca-a286-a617cc62e01e/clear</name>
                    <title>POST /session/:sessionId/element/62fb43dd-7ba1-42ca-a286-a617cc62e01e/clear</title>
                    <attachments/>
                    <steps/>
                </step>
                <step start='1648017425313' status='passed' stop='1648017425404'>
                    <name>POST /session/:sessionId/element/62fb43dd-7ba1-42ca-a286-a617cc62e01e/value</name>
                    <title>POST /session/:sessionId/element/62fb43dd-7ba1-42ca-a286-a617cc62e01e/value</title>
                    <attachments>
                        <attachment title='Request' source='a938d75d-fdb2-4033-95c0-14c161550fb9-attachment.json' type='application/json' size='26'/>
                    </attachments>
                    <steps/>
                </step>
                <step start='1648017425404' status='passed' stop='1648017425423'>
                    <name>POST /session/:sessionId/element</name>
                    <title>POST /session/:sessionId/element</title>
                    <attachments>
                        <attachment title='Request' source='21cf5a5a-da11-43a2-b51f-695375209bca-attachment.json' type='application/json' size='73'/>
                        <attachment title='Response' source='79387beb-2894-480c-98f9-a4099128f3dd-attachment.json' type='application/json' size='83'/>
                    </attachments>
                    <steps/>
                </step>
                <step start='1648017425425' status='passed' stop='1648017425529'>
                    <name>POST /session/:sessionId/element/87db2a1a-74ff-4d6c-b6cc-72484a26dd4a/click</name>
                    <title>POST /session/:sessionId/element/87db2a1a-74ff-4d6c-b6cc-72484a26dd4a/click</title>
                    <attachments/>
                    <steps/>
                </step>
            </steps>
            <attachments/>
        </test-case>
        <test-case start='1648017425530' status='broken' stop='1648017440569'>
            <name>Complete payment</name>
            <title>Complete payment</title>
            <labels>
                <label name='language' value='javascript'/>
                <label name='framework' value='wdio'/>
                <label name='thread' value='0-0'/>
            </labels>
            <parameters>
                <parameter kind='argument' name='browser' value='chrome-99.0.4844.82'/>
            </parameters>
            <steps>
                <step start='1648017440531' status='passed' stop='1648017440564'>
                    <name>POST /session/:sessionId/element</name>
                    <title>POST /session/:sessionId/element</title>
                    <attachments>
                        <attachment title='Request' source='94974079-6d46-456c-94bc-e78aaddf5f48-attachment.json' type='application/json' size='64'/>
                        <attachment title='Response' source='b61b100f-5ff0-449d-9e74-6cbc2c2407ac-attachment.json' type='application/json' size='1038'/>
                    </attachments>
                    <steps/>
                </step>
            </steps>
            <attachments/>
            <failure>
                <message>elem[prop] is not a function</message>
                <stack-trace>TypeError: elem[prop] is not a function
                    at F:\macking\testing\wdio\node_modules\@wdio\utils\build\shim.js:253:38
                    at processTicksAndRejections (node:internal/process/task_queues:96:5)
                    at async cartpage.cart (F:\macking\testing\wdio\test\pageobjects\cart.page.js:13:9)
                    at async Context.&lt;anonymous> (F:\macking\testing\wdio\test\specs\example.e2e.js:26:9)</stack-trace>
            </failure>
        </test-case>
        <test-case start='1648017440570' status='broken' stop='1648017444902'>
            <name>Add a new user</name>
            <title>Add a new user</title>
            <labels>
                <label name='language' value='javascript'/>
                <label name='framework' value='wdio'/>
                <label name='thread' value='0-0'/>
            </labels>
            <parameters>
                <parameter kind='argument' name='browser' value='chrome-99.0.4844.82'/>
            </parameters>
            <steps>
                <step start='1648017440571' status='passed' stop='1648017440603'>
                    <name>POST /session/:sessionId/element</name>
                    <title>POST /session/:sessionId/element</title>
                    <attachments>
                        <attachment title='Request' source='0ba24b11-2cb2-4f32-837b-6f6e53baecfe-attachment.json' type='application/json' size='60'/>
                        <attachment title='Response' source='65bc4f1d-b10a-4308-88a4-c00deeb773a6-attachment.json' type='application/json' size='83'/>
                    </attachments>
                    <steps/>
                </step>
                <step start='1648017440607' status='broken' stop='1648017444902'>
                    <name>POST /session/:sessionId/element/ab456818-05f7-4aef-af1c-142a2c6a2608/click</name>
                    <title>POST /session/:sessionId/element/ab456818-05f7-4aef-af1c-142a2c6a2608/click</title>
                    <attachments/>
                    <steps/>
                </step>
            </steps>
            <attachments/>
            <failure>
                <message>element click intercepted: Element &lt;img _ngcontent-orc-c6="" alt="menu-icon" class="nav-icon" src="assets/menu-icon.6f1572640ae6d9cd0a86a30c6d626c7f.svg"> is not clickable at point (51, 40). Other element would receive the click: &lt;mdl-backdrop-overlay class="ng-star-inserted dialog-backdrop" style="z-index: 100000;">&lt;/mdl-backdrop-overlay>
                  (Session info: chrome=99.0.4844.82)</message>
                <stack-trace>element click intercepted: element click intercepted: Element &lt;img _ngcontent-orc-c6="" alt="menu-icon" class="nav-icon" src="assets/menu-icon.6f1572640ae6d9cd0a86a30c6d626c7f.svg"> is not clickable at point (51, 40). Other element would receive the click: &lt;mdl-backdrop-overlay class="ng-star-inserted dialog-backdrop" style="z-index: 100000;">&lt;/mdl-backdrop-overlay>
                  (Session info: chrome=99.0.4844.82)
                    at getErrorFromResponseBody (F:\macking\testing\wdio\node_modules\webdriver\build\utils.js:197:12)
                    at NodeJSRequest._request (F:\macking\testing\wdio\node_modules\webdriver\build\request\index.js:158:60)
                    at processTicksAndRejections (node:internal/process/task_queues:96:5)
                    at async Element.wrapCommandFn (F:\macking\testing\wdio\node_modules\@wdio\utils\build\shim.js:137:29)
                    at async Element.wrapCommandFn (F:\macking\testing\wdio\node_modules\@wdio\utils\build\shim.js:137:29)
                    at async Element.elementErrorHandlerCallbackFn (F:\macking\testing\wdio\node_modules\webdriverio\build\middlewares.js:24:32)
                    at async Element.wrapCommandFn (F:\macking\testing\wdio\node_modules\@wdio\utils\build\shim.js:137:29)
                    at async Element.wrapCommandFn (F:\macking\testing\wdio\node_modules\@wdio\utils\build\shim.js:137:29)
                    at async Element.elementErrorHandlerCallbackFn (F:\macking\testing\wdio\node_modules\webdriverio\build\middlewares.js:24:32)
                    at async Element.wrapCommandFn (F:\macking\testing\wdio\node_modules\@wdio\utils\build\shim.js:137:29)</stack-trace>
            </failure>
        </test-case>
    </test-cases>
</ns2:test-suite>